TN:
SF:src/App.svelte
FN:1,App
FN:21,(anonymous_1)
FN:32,(anonymous_2)
FNF:3
FNH:1
FNDA:10,App
FNDA:0,(anonymous_1)
FNDA:0,(anonymous_2)
DA:8,10
DA:15,20
DA:16,10
DA:18,10
DA:19,10
DA:22,0
DA:23,0
DA:29,10
DA:30,10
DA:33,0
DA:39,20
LF:11
LH:8
BRF:0
BRH:0
end_of_record
TN:
SF:src/main.ts
FNF:0
FNH:0
DA:5,10
LF:1
LH:1
BRF:0
BRH:0
end_of_record
TN:
SF:src/hooks/playerHooks.ts
FN:8,getAuthHeaders
FN:15,confirmLogin
FN:33,getPlayerData
FN:40,createPlayer
FN:56,patchPlayer
FN:8,getAuthHeaders
FN:15,confirmLogin
FN:33,getPlayerData
FN:40,createPlayer
FN:56,patchPlayer
FNF:10
FNH:7
FNDA:9,getAuthHeaders
FNDA:5,confirmLogin
FNDA:4,getPlayerData
FNDA:1,createPlayer
FNDA:0,patchPlayer
FNDA:4,getAuthHeaders
FNDA:0,confirmLogin
FNDA:3,getPlayerData
FNDA:0,createPlayer
FNDA:1,patchPlayer
DA:9,9
DA:10,9
DA:11,9
DA:12,9
DA:19,5
DA:20,5
DA:25,5
DA:26,5
DA:27,5
DA:28,4
DA:30,5
DA:34,4
DA:35,4
DA:36,4
DA:37,4
DA:45,1
DA:52,1
DA:53,1
DA:59,1
DA:60,1
DA:65,1
DA:66,1
LF:22
LH:22
BRDA:11,0,0,4
BRDA:27,1,0,4
BRDA:11,2,0,4
BRDA:27,3,0,0
BRF:4
BRH:3
end_of_record
TN:
SF:src/lib/Highscore.svelte
FN:1,Highscore
FN:10,(anonymous_1)
FN:12,(anonymous_2)
FN:13,(anonymous_3)
FN:28,(anonymous_5)
FN:28,(anonymous_7)
FN:28,(anonymous_8)
FNF:7
FNH:0
FNDA:0,Highscore
FNDA:0,(anonymous_1)
FNDA:0,(anonymous_2)
FNDA:0,(anonymous_3)
FNDA:0,(anonymous_5)
FNDA:0,(anonymous_7)
FNDA:0,(anonymous_8)
DA:9,0
DA:10,0
DA:11,0
DA:12,0
DA:14,0
DA:19,0
DA:21,0
DA:22,0
DA:28,0
DA:29,0
DA:30,0
DA:31,0
DA:32,0
LF:13
LH:0
BRF:0
BRH:0
end_of_record
TN:
SF:src/lib/LoginForm.svelte
FN:1,LoginForm
FN:20,handleSubmit
FN:46,(anonymous_2)
FN:81,(anonymous_9)
FN:86,(anonymous_13)
FN:96,(anonymous_16)
FNF:6
FNH:6
FNDA:10,LoginForm
FNDA:6,handleSubmit
FNDA:2,(anonymous_2)
FNDA:2,(anonymous_9)
FNDA:4,(anonymous_13)
FNDA:1,(anonymous_16)
DA:13,10
DA:14,10
DA:15,10
DA:16,10
DA:17,10
DA:18,10
DA:21,6
DA:22,6
DA:24,1
DA:29,1
DA:32,5
DA:33,5
DA:34,1
DA:37,4
DA:38,4
DA:39,0
DA:44,5
DA:45,4
DA:47,2
DA:54,20
DA:55,20
DA:56,10
DA:57,10
DA:59,128
DA:63,20
DA:65,74
DA:70,11
DA:71,3
DA:73,11
DA:79,12
DA:80,6
DA:81,4
DA:84,14
DA:85,12
DA:86,8
DA:89,10
DA:90,20
DA:91,11
DA:93,20
DA:97,1
DA:100,11
LF:41
LH:40
BRDA:22,0,0,1
BRDA:22,0,1,5
BRDA:29,1,0,1
BRDA:33,2,0,1
BRDA:33,2,1,4
BRDA:38,3,0,0
BRDA:44,4,0,4
BRDA:70,5,0,1
BRDA:79,6,0,2
BRDA:84,7,0,4
BRDA:55,8,0,1
BRDA:55,8,1,10
BRDA:91,9,0,1
BRDA:91,9,1,10
BRDA:100,10,0,1
BRDA:100,10,1,10
BRF:16
BRH:15
end_of_record
TN:
SF:src/routes/Home.svelte
FN:1,Home
FN:6,(anonymous_1)
FNF:2
FNH:2
FNDA:10,Home
FNDA:10,(anonymous_1)
DA:5,30
DA:6,20
LF:2
LH:2
BRF:0
BRH:0
end_of_record
TN:
SF:src/routes/Play.svelte
FN:1,Play
FN:20,toggle
FN:29,(anonymous_2)
FN:42,applyFiftyFiftyBet
FN:47,resetButtons
FN:49,(anonymous_5)
FN:55,handlePlay
FN:69,(anonymous_7)
FN:95,(anonymous_10)
FN:101,(anonymous_12)
FNF:10
FNH:8
FNDA:2,Play
FNDA:1,toggle
FNDA:9,(anonymous_2)
FNDA:1,applyFiftyFiftyBet
FNDA:0,resetButtons
FNDA:0,(anonymous_5)
FNDA:1,handlePlay
FNDA:2,(anonymous_7)
FNDA:2,(anonymous_10)
FNDA:1,(anonymous_12)
DA:16,2
DA:17,2
DA:18,2
DA:21,1
DA:22,1
DA:24,1
DA:25,3
DA:26,1
DA:27,1
DA:29,3
DA:30,9
DA:33,9
DA:37,9
DA:43,1
DA:44,1
DA:48,0
DA:49,0
DA:50,0
DA:51,0
DA:56,1
DA:60,1
DA:61,1
DA:62,0
DA:63,0
DA:65,0
DA:66,0
DA:69,2
DA:70,2
DA:71,2
DA:72,2
DA:73,0
DA:75,2
DA:79,6
DA:80,4
DA:81,4
DA:82,2
DA:84,4
DA:86,4
DA:90,3
DA:95,2
DA:96,2
DA:97,24
DA:101,8
DA:105,2
DA:110,2
LF:45
LH:36
BRDA:25,0,0,1
BRDA:37,1,0,2
BRDA:37,1,1,7
BRDA:37,2,0,9
BRDA:37,2,1,6
BRDA:43,3,0,1
BRDA:43,3,1,0
BRDA:44,4,0,0
BRDA:44,4,1,1
BRDA:62,5,0,0
BRDA:72,6,0,0
BRDA:80,7,0,2
BRDA:80,7,1,2
BRF:13
BRH:9
end_of_record
TN:
SF:src/routes/Scoreboard.svelte
FN:1,Scoreboard
FN:6,(anonymous_1)
FNF:2
FNH:0
FNDA:0,Scoreboard
FNDA:0,(anonymous_1)
DA:5,0
DA:6,0
LF:2
LH:0
BRF:0
BRH:0
end_of_record
